<?xml version="1.0" encoding="UTF-8"?>
<!-- Generated by org.testng.reporters.JUnitReportReporter -->
<testsuite hostname="akshay" failures="0" tests="1" name="com.qa.testscripts.Tc_001" time="0.299" errors="0" timestamp="2022-12-08T16:30:24 IST" skipped="0">
  <testcase classname="com.qa.testscripts.Tc_001" name="dotest" time="0.299"/>
  <system-out/>
</testsuite> <!-- com.qa.testscripts.Tc_001 -->
